{"message":"EXPRESS LOGGER","level":"info","service":"user-service"}
{"message":"EXPRESS LOGGER","level":"info","service":"user-service"}
{"message":"EXPRESS LOGGER","level":"info","service":"user-service"}
{"message":"EXPRESS LOGGER","level":"info","service":"user-service"}
{"message":"EXPRESS LOGGER","level":"info","service":"user-service"}
{"message":"EXPRESS LOGGER","level":"info","service":"user-service"}
{"message":"INDEX","level":"info","service":"user-service"}
{"message":"INDEX","level":"info","service":"user-service"}
{"message":"EXPRESS LOGGER","level":"info","service":"user-service"}
{"message":"INDEX","level":"info","service":"user-service"}
{"message":"EXPRESS LOGGER","level":"info"}
{"message":"EXPRESS LOGGER","level":"info"}
{"message":"EXPRESS LOGGER","level":"info"}
{"message":"EXPRESS LOGGER1610671147009","level":"info"}
{"message":"EXPRESS LOGGER 1610671184987","level":"info"}
{"message":"EXPRESS LOGGER 1,610,671,355,311","level":"info"}
{"message":"EXPRESS LOGGER 1,610,671,398,910","level":"info"}
{"message":"EXPRESS LOGGER 1610671558927","level":"info"}
{"message":"This is an information message.","level":"info"}
{"message":"This is an information message.","level":"info"}
